-------------------------------------------------------------------------------
Test set: tests.InformacoesUsuarioPageObjectTest
-------------------------------------------------------------------------------
Tests run: 1, Failures: 0, Errors: 1, Skipped: 0, Time elapsed: 24.103 sec <<< FAILURE!
testAddUmaInformacaoAdicionalDoUsuario(tests.InformacoesUsuarioPageObjectTest)  Time elapsed: 23.732 sec  <<< ERROR!
java.lang.NullPointerException
	at org.easetech.easytest.util.GeneralUtil.dataAlreadyConverted(GeneralUtil.java:537)
	at org.easetech.easytest.converter.DataAlreadyConvertedConverter.convert(DataAlreadyConvertedConverter.java:67)
	at org.easetech.easytest.converter.DataAlreadyConvertedConverter.convert(DataAlreadyConvertedConverter.java:22)
	at org.easetech.easytest.converter.ConversionDelegator.convert(ConversionDelegator.java:127)
	at org.easetech.easytest.annotation.Param$DataSupplier.getValueSources(Param.java:196)
	at org.easetech.easytest.internal.EasyAssignments.potentialsForNextUnassigned(EasyAssignments.java:100)
	at org.easetech.easytest.runner.InternalParameterizedStatement.runWithAssignment(InternalParameterizedStatement.java:116)
	at org.easetech.easytest.runner.InternalParameterizedStatement.evaluate(InternalParameterizedStatement.java:99)
	at org.junit.internal.runners.statements.RunBefores.evaluate(RunBefores.java:26)
	at org.junit.internal.runners.statements.RunAfters.evaluate(RunAfters.java:27)
	at org.easetech.easytest.runner.DataDrivenTestRunner$1.evaluate(DataDrivenTestRunner.java:350)
	at org.junit.runners.ParentRunner.runLeaf(ParentRunner.java:325)
	at org.junit.runners.BlockJUnit4ClassRunner.runChild(BlockJUnit4ClassRunner.java:78)
	at org.junit.runners.BlockJUnit4ClassRunner.runChild(BlockJUnit4ClassRunner.java:57)
	at org.junit.runners.ParentRunner$3.run(ParentRunner.java:290)
	at org.easetech.easytest.strategy.SerialScheduler.schedule(SerialScheduler.java:16)
	at org.junit.runners.ParentRunner.runChildren(ParentRunner.java:288)
	at org.junit.runners.ParentRunner.access$000(ParentRunner.java:58)
	at org.junit.runners.ParentRunner$2.evaluate(ParentRunner.java:268)
	at org.easetech.easytest.util.RunAftersWithOutputData.evaluate(RunAftersWithOutputData.java:111)
	at org.junit.runners.ParentRunner.run(ParentRunner.java:363)
	at org.apache.maven.surefire.junit4.JUnit4Provider.execute(JUnit4Provider.java:252)
	at org.apache.maven.surefire.junit4.JUnit4Provider.executeTestSet(JUnit4Provider.java:141)
	at org.apache.maven.surefire.junit4.JUnit4Provider.invoke(JUnit4Provider.java:112)
	at sun.reflect.NativeMethodAccessorImpl.invoke0(Native Method)
	at sun.reflect.NativeMethodAccessorImpl.invoke(NativeMethodAccessorImpl.java:62)
	at sun.reflect.DelegatingMethodAccessorImpl.invoke(DelegatingMethodAccessorImpl.java:43)
	at java.lang.reflect.Method.invoke(Method.java:498)
	at org.apache.maven.surefire.util.ReflectionUtils.invokeMethodWithArray(ReflectionUtils.java:189)
	at org.apache.maven.surefire.booter.ProviderFactory$ProviderProxy.invoke(ProviderFactory.java:165)
	at org.apache.maven.surefire.booter.ProviderFactory.invokeProvider(ProviderFactory.java:85)
	at org.apache.maven.surefire.booter.ForkedBooter.runSuitesInProcess(ForkedBooter.java:115)
	at org.apache.maven.surefire.booter.ForkedBooter.main(ForkedBooter.java:75)

